La génération a démarré 05/03/2016 17:16:40.
     1>Projet "C:\Users\J.pages\Documents\ProjetECMA\src\ecma.vcxproj" sur le nœud 2 (build cible(s)).
     1>InitializeBuildStatus:
         Mise à jour de l'horodatage "Debug\ecma.unsuccessfulbuild".
       ClCompile:
         Toutes les sorties sont à jour.
       ManifestResourceCompile:
         Toutes les sorties sont à jour.
       Link:
         c:\Program Files (x86)\Microsoft Visual Studio 10.0\VC\bin\link.exe /ERRORREPORT:PROMPT /OUT:"C:\Users\J.pages\Documents\ProjetECMA\src\Debug\ecma.exe" /INCREMENTAL /NOLOGO C:\Users\J.pages\opl\lib\x86_windows_vs2010\stat_mda\cplex125.lib C:\Users\J.pages\opl\lib\x86_windows_vs2010\stat_mda\ilocplex.lib C:\Users\J.pages\concert\lib\x86_windows_vs2010\stat_mda\concert.lib kernel32.lib user32.lib gdi32.lib winspool.lib comdlg32.lib advapi32.lib shell32.lib ole32.lib oleaut32.lib uuid.lib odbc32.lib odbccp32.lib /MANIFEST /ManifestFile:"Debug\ecma.exe.intermediate.manifest" /MANIFESTUAC:"level='asInvoker' uiAccess='false'" /DEBUG /PDB:"C:\Users\J.pages\Documents\ProjetECMA\src\Debug\ecma.pdb" /SUBSYSTEM:CONSOLE /TLBID:1 /DYNAMICBASE /NXCOMPAT /IMPLIB:"C:\Users\J.pages\Documents\ProjetECMA\src\Debug\ecma.lib" /MACHINE:X86 Debug\ecma.exe.embed.manifest.res
         Debug\instance_Cplex.obj
         Debug\main.obj
         Debug\modele_Cplex.obj
         Debug\options.obj
         Debug\recuit.obj
         Debug\voisinage.obj /FORCE:MULTIPLE 
     1>LINK : warning LNK4075: ' /INCREMENTAL' ignoré à cause de la spécification '/FORCE'
     1>options.obj : warning LNK4006: "void __cdecl init(int,char * * const)" (?init@@YAXHQAPAD@Z) déjà défini dans main.obj ; seconde définition ignorée
     1>msvcprt.lib(MSVCP100.dll) : warning LNK4006: "public: class std::basic_ostream<char,struct std::char_traits<char> > & __thiscall std::basic_ostream<char,struct std::char_traits<char> >::flush(void)" (?flush@?$basic_ostream@DU?$char_traits@D@std@@@std@@QAEAAV12@XZ) déjà défini dans main.obj ; seconde définition ignorée
     1>msvcprt.lib(MSVCP100.dll) : warning LNK4006: "public: void __thiscall std::basic_ostream<char,struct std::char_traits<char> >::_Osfx(void)" (?_Osfx@?$basic_ostream@DU?$char_traits@D@std@@@std@@QAEXXZ) déjà défini dans main.obj ; seconde définition ignorée
     1>msvcprt.lib(MSVCP100.dll) : warning LNK4006: "bool __cdecl std::uncaught_exception(void)" (?uncaught_exception@std@@YA_NXZ) déjà défini dans libcpmt.lib(uncaught.obj) ; seconde définition ignorée
     1>msvcprt.lib(MSVCP100.dll) : warning LNK4006: "public: void __thiscall std::basic_ios<char,struct std::char_traits<char> >::setstate(int,bool)" (?setstate@?$basic_ios@DU?$char_traits@D@std@@@std@@QAEXH_N@Z) déjà défini dans main.obj ; seconde définition ignorée
     1>msvcprt.lib(MSVCP100.dll) : warning LNK4006: "public: __int64 __thiscall std::basic_streambuf<char,struct std::char_traits<char> >::sputn(char const *,__int64)" (?sputn@?$basic_streambuf@DU?$char_traits@D@std@@@std@@QAE_JPBD_J@Z) déjà défini dans main.obj ; seconde définition ignorée
     1>msvcprt.lib(MSVCP100.dll) : warning LNK4006: "public: int __thiscall std::basic_streambuf<char,struct std::char_traits<char> >::sputc(char)" (?sputc@?$basic_streambuf@DU?$char_traits@D@std@@@std@@QAEHD@Z) déjà défini dans main.obj ; seconde définition ignorée
     1>msvcprt.lib(MSVCP100.dll) : warning LNK4006: "public: class std::basic_ostream<char,struct std::char_traits<char> > & __thiscall std::basic_ostream<char,struct std::char_traits<char> >::operator<<(double)" (??6?$basic_ostream@DU?$char_traits@D@std@@@std@@QAEAAV01@N@Z) déjà défini dans main.obj ; seconde définition ignorée
     1>msvcprt.lib(MSVCP100.dll) : warning LNK4006: "public: class std::basic_ostream<char,struct std::char_traits<char> > & __thiscall std::basic_ostream<char,struct std::char_traits<char> >::operator<<(class std::basic_ostream<char,struct std::char_traits<char> > & (__cdecl*)(class std::basic_ostream<char,struct std::char_traits<char> > &))" (??6?$basic_ostream@DU?$char_traits@D@std@@@std@@QAEAAV01@P6AAAV01@AAV01@@Z@Z) déjà défini dans modele_Cplex.obj ; seconde définition ignorée
     1>msvcprt.lib(MSVCP100.dll) : warning LNK4006: "public: class std::basic_ostream<char,struct std::char_traits<char> > & __thiscall std::basic_ostream<char,struct std::char_traits<char> >::operator<<(int)" (??6?$basic_ostream@DU?$char_traits@D@std@@@std@@QAEAAV01@H@Z) déjà défini dans main.obj ; seconde définition ignorée
     1>msvcprt.lib(MSVCP100.dll) : warning LNK4006: "class std::basic_ostream<char,struct std::char_traits<char> > & __cdecl std::endl(class std::basic_ostream<char,struct std::char_traits<char> > &)" (?endl@std@@YAAAV?$basic_ostream@DU?$char_traits@D@std@@@1@AAV21@@Z) déjà défini dans modele_Cplex.obj ; seconde définition ignorée
     1>msvcprt.lib(MSVCP100.dll) : warning LNK4006: "public: class std::basic_ostream<char,struct std::char_traits<char> > & __thiscall std::basic_ostream<char,struct std::char_traits<char> >::operator<<(long)" (??6?$basic_ostream@DU?$char_traits@D@std@@@std@@QAEAAV01@J@Z) déjà défini dans modele_Cplex.obj ; seconde définition ignorée
     1>msvcprt.lib(MSVCP100.dll) : warning LNK4006: "public: virtual __thiscall std::basic_ostream<char,struct std::char_traits<char> >::~basic_ostream<char,struct std::char_traits<char> >(void)" (??1?$basic_ostream@DU?$char_traits@D@std@@@std@@UAE@XZ) déjà défini dans main.obj ; seconde définition ignorée
     1>msvcprt.lib(MSVCP100.dll) : warning LNK4006: "public: virtual __thiscall std::basic_ios<char,struct std::char_traits<char> >::~basic_ios<char,struct std::char_traits<char> >(void)" (??1?$basic_ios@DU?$char_traits@D@std@@@std@@UAE@XZ) déjà défini dans main.obj ; seconde définition ignorée
     1>msvcprt.lib(MSVCP100.dll) : warning LNK4006: "public: virtual __thiscall std::ios_base::~ios_base(void)" (??1ios_base@std@@UAE@XZ) déjà défini dans main.obj ; seconde définition ignorée
     1>msvcprt.lib(MSVCP100.dll) : warning LNK4006: "public: __thiscall std::basic_ostream<char,struct std::char_traits<char> >::basic_ostream<char,struct std::char_traits<char> >(class std::basic_streambuf<char,struct std::char_traits<char> > *,bool)" (??0?$basic_ostream@DU?$char_traits@D@std@@@std@@QAE@PAV?$basic_streambuf@DU?$char_traits@D@std@@@1@_N@Z) déjà défini dans main.obj ; seconde définition ignorée
     1>msvcprt.lib(MSVCP100.dll) : warning LNK4006: "public: virtual __thiscall std::basic_streambuf<char,struct std::char_traits<char> >::~basic_streambuf<char,struct std::char_traits<char> >(void)" (??1?$basic_streambuf@DU?$char_traits@D@std@@@std@@UAE@XZ) déjà défini dans main.obj ; seconde définition ignorée
     1>msvcprt.lib(MSVCP100.dll) : warning LNK4006: "protected: __thiscall std::basic_streambuf<char,struct std::char_traits<char> >::basic_streambuf<char,struct std::char_traits<char> >(void)" (??0?$basic_streambuf@DU?$char_traits@D@std@@@std@@IAE@XZ) déjà défini dans main.obj ; seconde définition ignorée
     1>msvcprt.lib(MSVCP100.dll) : warning LNK4006: "void __cdecl std::_Xlength_error(char const *)" (?_Xlength_error@std@@YAXPBD@Z) déjà défini dans libcpmt.lib(xthrow.obj) ; seconde définition ignorée
     1>msvcprt.lib(MSVCP100.dll) : warning LNK4006: "void __cdecl std::_Xout_of_range(char const *)" (?_Xout_of_range@std@@YAXPBD@Z) déjà défini dans libcpmt.lib(xthrow.obj) ; seconde définition ignorée
     1>msvcprt.lib(MSVCP100.dll) : warning LNK4006: "private: static void __cdecl std::ios_base::_Ios_base_dtor(class std::ios_base *)" (?_Ios_base_dtor@ios_base@std@@CAXPAV12@@Z) déjà défini dans libcpmt.lib(ios.obj) ; seconde définition ignorée
     1>msvcprt.lib(MSVCP100.dll) : warning LNK4006: "protected: char * __thiscall std::basic_streambuf<char,struct std::char_traits<char> >::_Pninc(void)" (?_Pninc@?$basic_streambuf@DU?$char_traits@D@std@@@std@@IAEPADXZ) déjà défini dans main.obj ; seconde définition ignorée
     1>MSVCRT.lib(MSVCR100.dll) : warning LNK4006: _sprintf déjà défini dans LIBCMT.lib(sprintf.obj) ; seconde définition ignorée
     1>MSVCRT.lib(MSVCR100.dll) : warning LNK4006: _free déjà défini dans LIBCMT.lib(free.obj) ; seconde définition ignorée
     1>MSVCRT.lib(MSVCR100.dll) : warning LNK4006: _malloc déjà défini dans LIBCMT.lib(malloc.obj) ; seconde définition ignorée
     1>MSVCRT.lib(MSVCR100.dll) : warning LNK4006: _realloc déjà défini dans LIBCMT.lib(realloc.obj) ; seconde définition ignorée
     1>MSVCRT.lib(MSVCR100.dll) : warning LNK4006: _strcpy_s déjà défini dans LIBCMT.lib(strcpy_s.obj) ; seconde définition ignorée
     1>MSVCRT.lib(MSVCR100.dll) : warning LNK4006: _strcat_s déjà défini dans LIBCMT.lib(strcat_s.obj) ; seconde définition ignorée
     1>MSVCRT.lib(MSVCR100.dll) : warning LNK4006: _vsprintf_s déjà défini dans LIBCMT.lib(vsnprnc.obj) ; seconde définition ignorée
     1>MSVCRT.lib(MSVCR100.dll) : warning LNK4006: _isdigit déjà défini dans LIBCMT.lib(_ctype.obj) ; seconde définition ignorée
     1>MSVCRT.lib(MSVCR100.dll) : warning LNK4006: "public: virtual __thiscall std::exception::~exception(void)" (??1exception@std@@UAE@XZ) déjà défini dans LIBCMT.lib(stdexcpt.obj) ; seconde définition ignorée
     1>MSVCRT.lib(MSVCR100.dll) : warning LNK4006: "public: __thiscall std::exception::exception(char const * const &)" (??0exception@std@@QAE@ABQBD@Z) déjà défini dans LIBCMT.lib(stdexcpt.obj) ; seconde définition ignorée
     1>MSVCRT.lib(MSVCR100.dll) : warning LNK4006: _memmove déjà défini dans LIBCMT.lib(memmove.obj) ; seconde définition ignorée
     1>MSVCRT.lib(MSVCR100.dll) : warning LNK4006: _strncpy_s déjà défini dans LIBCMT.lib(strncpy_s.obj) ; seconde définition ignorée
     1>MSVCRT.lib(MSVCR100.dll) : warning LNK4006: _setlocale déjà défini dans LIBCMT.lib(setlocal.obj) ; seconde définition ignorée
     1>MSVCRT.lib(MSVCR100.dll) : warning LNK4006: _clock déjà défini dans LIBCMT.lib(clock.obj) ; seconde définition ignorée
     1>MSVCRT.lib(MSVCR100.dll) : warning LNK4006: _strtol déjà défini dans LIBCMT.lib(strtol.obj) ; seconde définition ignorée
     1>MSVCRT.lib(MSVCR100.dll) : warning LNK4006: __errno déjà défini dans LIBCMT.lib(dosmap.obj) ; seconde définition ignorée
     1>MSVCRT.lib(MSVCR100.dll) : warning LNK4006: _strncmp déjà défini dans LIBCMT.lib(strncmp.obj) ; seconde définition ignorée
     1>MSVCRT.lib(MSVCR100.dll) : warning LNK4006: "public: __thiscall std::exception::exception(class std::exception const &)" (??0exception@std@@QAE@ABV01@@Z) déjà défini dans LIBCMT.lib(stdexcpt.obj) ; seconde définition ignorée
     1>MSVCRT.lib(MSVCR100.dll) : warning LNK4006: __controlfp déjà défini dans LIBCMT.lib(_ieee87_.obj) ; seconde définition ignorée
     1>MSVCRT.lib(MSVCR100.dll) : warning LNK4006: __isnan déjà défini dans LIBCMT.lib(_ieeemisc_.obj) ; seconde définition ignorée
     1>MSVCRT.lib(MSVCR100.dll) : warning LNK4006: _atoi déjà défini dans LIBCMT.lib(atox.obj) ; seconde définition ignorée
     1>MSVCRT.lib(MSVCR100.dll) : warning LNK4006: _isspace déjà défini dans LIBCMT.lib(_ctype.obj) ; seconde définition ignorée
     1>MSVCRT.lib(ti_inst.obj) : warning LNK4006: "private: __thiscall type_info::type_info(class type_info const &)" (??0type_info@@AAE@ABV0@@Z) déjà défini dans LIBCMT.lib(typinfo.obj) ; seconde définition ignorée
     1>MSVCRT.lib(ti_inst.obj) : warning LNK4006: "private: class type_info & __thiscall type_info::operator=(class type_info const &)" (??4type_info@@AAEAAV0@ABV0@@Z) déjà défini dans LIBCMT.lib(typinfo.obj) ; seconde définition ignorée
     1>LINK : warning LNK4098: conflit entre la bibliothèque par défaut 'MSVCRT' et les autres bibliothèques ; utilisez /NODEFAULTLIB:library
     1>C:\Users\J.pages\Documents\ProjetECMA\src\Debug\ecma.exe : warning LNK4088: image en cours de génération à cause de l'option /FORCE ; l'image risque de ne pas s'exécuter
     1>concert.lib(ilosstructi.obj) : warning LNK4099: PDB 'concert.pdb' n'a pu être trouvé avec 'concert.lib(ilosstructi.obj)' ou sur 'C:\Users\J.pages\Documents\ProjetECMA\src\Debug\concert.pdb' ; l'objet sera lié sans informations de débogage
     1>concert.lib(ilohash.obj) : warning LNK4099: PDB 'concert.pdb' n'a pu être trouvé avec 'concert.lib(ilohash.obj)' ou sur 'C:\Users\J.pages\Documents\ProjetECMA\src\Debug\concert.pdb' ; l'objet sera lié sans informations de débogage
     1>concert.lib(iloalg.obj) : warning LNK4099: PDB 'concert.pdb' n'a pu être trouvé avec 'concert.lib(iloalg.obj)' ou sur 'C:\Users\J.pages\Documents\ProjetECMA\src\Debug\concert.pdb' ; l'objet sera lié sans informations de débogage
     1>concert.lib(iloenv.obj) : warning LNK4099: PDB 'concert.pdb' n'a pu être trouvé avec 'concert.lib(iloenv.obj)' ou sur 'C:\Users\J.pages\Documents\ProjetECMA\src\Debug\concert.pdb' ; l'objet sera lié sans informations de débogage
     1>concert.lib(ilostimei.obj) : warning LNK4099: PDB 'concert.pdb' n'a pu être trouvé avec 'concert.lib(ilostimei.obj)' ou sur 'C:\Users\J.pages\Documents\ProjetECMA\src\Debug\concert.pdb' ; l'objet sera lié sans informations de débogage
     1>concert.lib(iloallocator.obj) : warning LNK4099: PDB 'concert.pdb' n'a pu être trouvé avec 'concert.lib(iloallocator.obj)' ou sur 'C:\Users\J.pages\Documents\ProjetECMA\src\Debug\concert.pdb' ; l'objet sera lié sans informations de débogage
     1>concert.lib(ilosatomi.obj) : warning LNK4099: PDB 'concert.pdb' n'a pu être trouvé avec 'concert.lib(ilosatomi.obj)' ou sur 'C:\Users\J.pages\Documents\ProjetECMA\src\Debug\concert.pdb' ; l'objet sera lié sans informations de débogage
     1>concert.lib(iloserror.obj) : warning LNK4099: PDB 'concert.pdb' n'a pu être trouvé avec 'concert.lib(iloserror.obj)' ou sur 'C:\Users\J.pages\Documents\ProjetECMA\src\Debug\concert.pdb' ; l'objet sera lié sans informations de débogage
     1>concert.lib(ilosdisplayi.obj) : warning LNK4099: PDB 'concert.pdb' n'a pu être trouvé avec 'concert.lib(ilosdisplayi.obj)' ou sur 'C:\Users\J.pages\Documents\ProjetECMA\src\Debug\concert.pdb' ; l'objet sera lié sans informations de débogage
     1>concert.lib(ilorandom.obj) : warning LNK4099: PDB 'concert.pdb' n'a pu être trouvé avec 'concert.lib(ilorandom.obj)' ou sur 'C:\Users\J.pages\Documents\ProjetECMA\src\Debug\concert.pdb' ; l'objet sera lié sans informations de débogage
     1>concert.lib(ilothread.obj) : warning LNK4099: PDB 'concert.pdb' n'a pu être trouvé avec 'concert.lib(ilothread.obj)' ou sur 'C:\Users\J.pages\Documents\ProjetECMA\src\Debug\concert.pdb' ; l'objet sera lié sans informations de débogage
     1>concert.lib(ilossol.obj) : warning LNK4099: PDB 'concert.pdb' n'a pu être trouvé avec 'concert.lib(ilossol.obj)' ou sur 'C:\Users\J.pages\Documents\ProjetECMA\src\Debug\concert.pdb' ; l'objet sera lié sans informations de débogage
     1>concert.lib(ilotypes.obj) : warning LNK4099: PDB 'concert.pdb' n'a pu être trouvé avec 'concert.lib(ilotypes.obj)' ou sur 'C:\Users\J.pages\Documents\ProjetECMA\src\Debug\concert.pdb' ; l'objet sera lié sans informations de débogage
     1>concert.lib(iloexpression.obj) : warning LNK4099: PDB 'concert.pdb' n'a pu être trouvé avec 'concert.lib(iloexpression.obj)' ou sur 'C:\Users\J.pages\Documents\ProjetECMA\src\Debug\concert.pdb' ; l'objet sera lié sans informations de débogage
     1>concert.lib(ilosbasic.obj) : warning LNK4099: PDB 'concert.pdb' n'a pu être trouvé avec 'concert.lib(ilosbasic.obj)' ou sur 'C:\Users\J.pages\Documents\ProjetECMA\src\Debug\concert.pdb' ; l'objet sera lié sans informations de débogage
     1>concert.lib(iloset.obj) : warning LNK4099: PDB 'concert.pdb' n'a pu être trouvé avec 'concert.lib(iloset.obj)' ou sur 'C:\Users\J.pages\Documents\ProjetECMA\src\Debug\concert.pdb' ; l'objet sera lié sans informations de débogage
     1>concert.lib(iloconstraint.obj) : warning LNK4099: PDB 'concert.pdb' n'a pu être trouvé avec 'concert.lib(iloconstraint.obj)' ou sur 'C:\Users\J.pages\Documents\ProjetECMA\src\Debug\concert.pdb' ; l'objet sera lié sans informations de débogage
     1>concert.lib(iloanyexpr.obj) : warning LNK4099: PDB 'concert.pdb' n'a pu être trouvé avec 'concert.lib(iloanyexpr.obj)' ou sur 'C:\Users\J.pages\Documents\ProjetECMA\src\Debug\concert.pdb' ; l'objet sera lié sans informations de débogage
     1>concert.lib(iloextractable.obj) : warning LNK4099: PDB 'concert.pdb' n'a pu être trouvé avec 'concert.lib(iloextractable.obj)' ou sur 'C:\Users\J.pages\Documents\ProjetECMA\src\Debug\concert.pdb' ; l'objet sera lié sans informations de débogage
     1>concert.lib(ilomap.obj) : warning LNK4099: PDB 'concert.pdb' n'a pu être trouvé avec 'concert.lib(ilomap.obj)' ou sur 'C:\Users\J.pages\Documents\ProjetECMA\src\Debug\concert.pdb' ; l'objet sera lié sans informations de débogage
     1>concert.lib(ilosmodel.obj) : warning LNK4099: PDB 'concert.pdb' n'a pu être trouvé avec 'concert.lib(ilosmodel.obj)' ou sur 'C:\Users\J.pages\Documents\ProjetECMA\src\Debug\concert.pdb' ; l'objet sera lié sans informations de débogage
     1>concert.lib(ilosolution.obj) : warning LNK4099: PDB 'concert.pdb' n'a pu être trouvé avec 'concert.lib(ilosolution.obj)' ou sur 'C:\Users\J.pages\Documents\ProjetECMA\src\Debug\concert.pdb' ; l'objet sera lié sans informations de débogage
     1>concert.lib(iloiterator.obj) : warning LNK4099: PDB 'concert.pdb' n'a pu être trouvé avec 'concert.lib(iloiterator.obj)' ou sur 'C:\Users\J.pages\Documents\ProjetECMA\src\Debug\concert.pdb' ; l'objet sera lié sans informations de débogage
     1>concert.lib(ilossequencei.obj) : warning LNK4099: PDB 'concert.pdb' n'a pu être trouvé avec 'concert.lib(ilossequencei.obj)' ou sur 'C:\Users\J.pages\Documents\ProjetECMA\src\Debug\concert.pdb' ; l'objet sera lié sans informations de débogage
     1>concert.lib(ilocollection.obj) : warning LNK4099: PDB 'concert.pdb' n'a pu être trouvé avec 'concert.lib(ilocollection.obj)' ou sur 'C:\Users\J.pages\Documents\ProjetECMA\src\Debug\concert.pdb' ; l'objet sera lié sans informations de débogage
     1>concert.lib(ilocollectionstruct.obj) : warning LNK4099: PDB 'concert.pdb' n'a pu être trouvé avec 'concert.lib(ilocollectionstruct.obj)' ou sur 'C:\Users\J.pages\Documents\ProjetECMA\src\Debug\concert.pdb' ; l'objet sera lié sans informations de débogage
     1>concert.lib(ilosimplecollection.obj) : warning LNK4099: PDB 'concert.pdb' n'a pu être trouvé avec 'concert.lib(ilosimplecollection.obj)' ou sur 'C:\Users\J.pages\Documents\ProjetECMA\src\Debug\concert.pdb' ; l'objet sera lié sans informations de débogage
     1>concert.lib(ilocollectionoperator.obj) : warning LNK4099: PDB 'concert.pdb' n'a pu être trouvé avec 'concert.lib(ilocollectionoperator.obj)' ou sur 'C:\Users\J.pages\Documents\ProjetECMA\src\Debug\concert.pdb' ; l'objet sera lié sans informations de débogage
     1>concert.lib(ilocollectioniterator.obj) : warning LNK4099: PDB 'concert.pdb' n'a pu être trouvé avec 'concert.lib(ilocollectioniterator.obj)' ou sur 'C:\Users\J.pages\Documents\ProjetECMA\src\Debug\concert.pdb' ; l'objet sera lié sans informations de débogage
     1>concert.lib(iloskiplist.obj) : warning LNK4099: PDB 'concert.pdb' n'a pu être trouvé avec 'concert.lib(iloskiplist.obj)' ou sur 'C:\Users\J.pages\Documents\ProjetECMA\src\Debug\concert.pdb' ; l'objet sera lié sans informations de débogage
     1>concert.lib(ilonumfunci.obj) : warning LNK4099: PDB 'concert.pdb' n'a pu être trouvé avec 'concert.lib(ilonumfunci.obj)' ou sur 'C:\Users\J.pages\Documents\ProjetECMA\src\Debug\concert.pdb' ; l'objet sera lié sans informations de débogage
     1>concert.lib(iloparami.obj) : warning LNK4099: PDB 'concert.pdb' n'a pu être trouvé avec 'concert.lib(iloparami.obj)' ou sur 'C:\Users\J.pages\Documents\ProjetECMA\src\Debug\concert.pdb' ; l'objet sera lié sans informations de débogage
     1>concert.lib(ilointervalsi.obj) : warning LNK4099: PDB 'concert.pdb' n'a pu être trouvé avec 'concert.lib(ilointervalsi.obj)' ou sur 'C:\Users\J.pages\Documents\ProjetECMA\src\Debug\concert.pdb' ; l'objet sera lié sans informations de débogage
     1>concert.lib(evalkernel.obj) : warning LNK4099: PDB 'concert.pdb' n'a pu être trouvé avec 'concert.lib(evalkernel.obj)' ou sur 'C:\Users\J.pages\Documents\ProjetECMA\src\Debug\concert.pdb' ; l'objet sera lié sans informations de débogage
     1>concert.lib(evaluator.obj) : warning LNK4099: PDB 'concert.pdb' n'a pu être trouvé avec 'concert.lib(evaluator.obj)' ou sur 'C:\Users\J.pages\Documents\ProjetECMA\src\Debug\concert.pdb' ; l'objet sera lié sans informations de débogage
     1>concert.lib(evalexpand.obj) : warning LNK4099: PDB 'concert.pdb' n'a pu être trouvé avec 'concert.lib(evalexpand.obj)' ou sur 'C:\Users\J.pages\Documents\ProjetECMA\src\Debug\concert.pdb' ; l'objet sera lié sans informations de débogage
     1>concert.lib(strtod.obj) : warning LNK4099: PDB 'concert.pdb' n'a pu être trouvé avec 'concert.lib(strtod.obj)' ou sur 'C:\Users\J.pages\Documents\ProjetECMA\src\Debug\concert.pdb' ; l'objet sera lié sans informations de débogage
       Manifest:
         C:\Program Files (x86)\Microsoft SDKs\Windows\v7.0A\bin\mt.exe /nologo /verbose /out:"Debug\ecma.exe.embed.manifest" /manifest Debug\ecma.exe.intermediate.manifest
         C:\Program Files (x86)\Microsoft SDKs\Windows\v7.0A\bin\rc.exe /nologo /fo"Debug\ecma.exe.embed.manifest.res" Debug\ecma_manifest.rc 
       LinkEmbedManifest:
         c:\Program Files (x86)\Microsoft Visual Studio 10.0\VC\bin\link.exe /ERRORREPORT:PROMPT /OUT:"C:\Users\J.pages\Documents\ProjetECMA\src\Debug\ecma.exe" /INCREMENTAL /NOLOGO C:\Users\J.pages\opl\lib\x86_windows_vs2010\stat_mda\cplex125.lib C:\Users\J.pages\opl\lib\x86_windows_vs2010\stat_mda\ilocplex.lib C:\Users\J.pages\concert\lib\x86_windows_vs2010\stat_mda\concert.lib kernel32.lib user32.lib gdi32.lib winspool.lib comdlg32.lib advapi32.lib shell32.lib ole32.lib oleaut32.lib uuid.lib odbc32.lib odbccp32.lib /MANIFEST /ManifestFile:"Debug\ecma.exe.intermediate.manifest" /MANIFESTUAC:"level='asInvoker' uiAccess='false'" /DEBUG /PDB:"C:\Users\J.pages\Documents\ProjetECMA\src\Debug\ecma.pdb" /SUBSYSTEM:CONSOLE /TLBID:1 /DYNAMICBASE /NXCOMPAT /IMPLIB:"C:\Users\J.pages\Documents\ProjetECMA\src\Debug\ecma.lib" /MACHINE:X86 Debug\ecma.exe.embed.manifest.res
         Debug\instance_Cplex.obj
         Debug\main.obj
         Debug\modele_Cplex.obj
         Debug\options.obj
         Debug\recuit.obj
         Debug\voisinage.obj /FORCE:MULTIPLE 
     1>LINK : warning LNK4075: ' /INCREMENTAL' ignoré à cause de la spécification '/FORCE'
     1>options.obj : warning LNK4006: "void __cdecl init(int,char * * const)" (?init@@YAXHQAPAD@Z) déjà défini dans main.obj ; seconde définition ignorée
     1>msvcprt.lib(MSVCP100.dll) : warning LNK4006: "public: class std::basic_ostream<char,struct std::char_traits<char> > & __thiscall std::basic_ostream<char,struct std::char_traits<char> >::flush(void)" (?flush@?$basic_ostream@DU?$char_traits@D@std@@@std@@QAEAAV12@XZ) déjà défini dans main.obj ; seconde définition ignorée
     1>msvcprt.lib(MSVCP100.dll) : warning LNK4006: "public: void __thiscall std::basic_ostream<char,struct std::char_traits<char> >::_Osfx(void)" (?_Osfx@?$basic_ostream@DU?$char_traits@D@std@@@std@@QAEXXZ) déjà défini dans main.obj ; seconde définition ignorée
     1>msvcprt.lib(MSVCP100.dll) : warning LNK4006: "bool __cdecl std::uncaught_exception(void)" (?uncaught_exception@std@@YA_NXZ) déjà défini dans libcpmt.lib(uncaught.obj) ; seconde définition ignorée
     1>msvcprt.lib(MSVCP100.dll) : warning LNK4006: "public: void __thiscall std::basic_ios<char,struct std::char_traits<char> >::setstate(int,bool)" (?setstate@?$basic_ios@DU?$char_traits@D@std@@@std@@QAEXH_N@Z) déjà défini dans main.obj ; seconde définition ignorée
     1>msvcprt.lib(MSVCP100.dll) : warning LNK4006: "public: __int64 __thiscall std::basic_streambuf<char,struct std::char_traits<char> >::sputn(char const *,__int64)" (?sputn@?$basic_streambuf@DU?$char_traits@D@std@@@std@@QAE_JPBD_J@Z) déjà défini dans main.obj ; seconde définition ignorée
     1>msvcprt.lib(MSVCP100.dll) : warning LNK4006: "public: int __thiscall std::basic_streambuf<char,struct std::char_traits<char> >::sputc(char)" (?sputc@?$basic_streambuf@DU?$char_traits@D@std@@@std@@QAEHD@Z) déjà défini dans main.obj ; seconde définition ignorée
     1>msvcprt.lib(MSVCP100.dll) : warning LNK4006: "public: class std::basic_ostream<char,struct std::char_traits<char> > & __thiscall std::basic_ostream<char,struct std::char_traits<char> >::operator<<(double)" (??6?$basic_ostream@DU?$char_traits@D@std@@@std@@QAEAAV01@N@Z) déjà défini dans main.obj ; seconde définition ignorée
     1>msvcprt.lib(MSVCP100.dll) : warning LNK4006: "public: class std::basic_ostream<char,struct std::char_traits<char> > & __thiscall std::basic_ostream<char,struct std::char_traits<char> >::operator<<(class std::basic_ostream<char,struct std::char_traits<char> > & (__cdecl*)(class std::basic_ostream<char,struct std::char_traits<char> > &))" (??6?$basic_ostream@DU?$char_traits@D@std@@@std@@QAEAAV01@P6AAAV01@AAV01@@Z@Z) déjà défini dans modele_Cplex.obj ; seconde définition ignorée
     1>msvcprt.lib(MSVCP100.dll) : warning LNK4006: "public: class std::basic_ostream<char,struct std::char_traits<char> > & __thiscall std::basic_ostream<char,struct std::char_traits<char> >::operator<<(int)" (??6?$basic_ostream@DU?$char_traits@D@std@@@std@@QAEAAV01@H@Z) déjà défini dans main.obj ; seconde définition ignorée
     1>msvcprt.lib(MSVCP100.dll) : warning LNK4006: "class std::basic_ostream<char,struct std::char_traits<char> > & __cdecl std::endl(class std::basic_ostream<char,struct std::char_traits<char> > &)" (?endl@std@@YAAAV?$basic_ostream@DU?$char_traits@D@std@@@1@AAV21@@Z) déjà défini dans modele_Cplex.obj ; seconde définition ignorée
     1>msvcprt.lib(MSVCP100.dll) : warning LNK4006: "public: class std::basic_ostream<char,struct std::char_traits<char> > & __thiscall std::basic_ostream<char,struct std::char_traits<char> >::operator<<(long)" (??6?$basic_ostream@DU?$char_traits@D@std@@@std@@QAEAAV01@J@Z) déjà défini dans modele_Cplex.obj ; seconde définition ignorée
     1>msvcprt.lib(MSVCP100.dll) : warning LNK4006: "public: virtual __thiscall std::basic_ostream<char,struct std::char_traits<char> >::~basic_ostream<char,struct std::char_traits<char> >(void)" (??1?$basic_ostream@DU?$char_traits@D@std@@@std@@UAE@XZ) déjà défini dans main.obj ; seconde définition ignorée
     1>msvcprt.lib(MSVCP100.dll) : warning LNK4006: "public: virtual __thiscall std::basic_ios<char,struct std::char_traits<char> >::~basic_ios<char,struct std::char_traits<char> >(void)" (??1?$basic_ios@DU?$char_traits@D@std@@@std@@UAE@XZ) déjà défini dans main.obj ; seconde définition ignorée
     1>msvcprt.lib(MSVCP100.dll) : warning LNK4006: "public: virtual __thiscall std::ios_base::~ios_base(void)" (??1ios_base@std@@UAE@XZ) déjà défini dans main.obj ; seconde définition ignorée
     1>msvcprt.lib(MSVCP100.dll) : warning LNK4006: "public: __thiscall std::basic_ostream<char,struct std::char_traits<char> >::basic_ostream<char,struct std::char_traits<char> >(class std::basic_streambuf<char,struct std::char_traits<char> > *,bool)" (??0?$basic_ostream@DU?$char_traits@D@std@@@std@@QAE@PAV?$basic_streambuf@DU?$char_traits@D@std@@@1@_N@Z) déjà défini dans main.obj ; seconde définition ignorée
     1>msvcprt.lib(MSVCP100.dll) : warning LNK4006: "public: virtual __thiscall std::basic_streambuf<char,struct std::char_traits<char> >::~basic_streambuf<char,struct std::char_traits<char> >(void)" (??1?$basic_streambuf@DU?$char_traits@D@std@@@std@@UAE@XZ) déjà défini dans main.obj ; seconde définition ignorée
     1>msvcprt.lib(MSVCP100.dll) : warning LNK4006: "protected: __thiscall std::basic_streambuf<char,struct std::char_traits<char> >::basic_streambuf<char,struct std::char_traits<char> >(void)" (??0?$basic_streambuf@DU?$char_traits@D@std@@@std@@IAE@XZ) déjà défini dans main.obj ; seconde définition ignorée
     1>msvcprt.lib(MSVCP100.dll) : warning LNK4006: "void __cdecl std::_Xlength_error(char const *)" (?_Xlength_error@std@@YAXPBD@Z) déjà défini dans libcpmt.lib(xthrow.obj) ; seconde définition ignorée
     1>msvcprt.lib(MSVCP100.dll) : warning LNK4006: "void __cdecl std::_Xout_of_range(char const *)" (?_Xout_of_range@std@@YAXPBD@Z) déjà défini dans libcpmt.lib(xthrow.obj) ; seconde définition ignorée
     1>msvcprt.lib(MSVCP100.dll) : warning LNK4006: "private: static void __cdecl std::ios_base::_Ios_base_dtor(class std::ios_base *)" (?_Ios_base_dtor@ios_base@std@@CAXPAV12@@Z) déjà défini dans libcpmt.lib(ios.obj) ; seconde définition ignorée
     1>msvcprt.lib(MSVCP100.dll) : warning LNK4006: "protected: char * __thiscall std::basic_streambuf<char,struct std::char_traits<char> >::_Pninc(void)" (?_Pninc@?$basic_streambuf@DU?$char_traits@D@std@@@std@@IAEPADXZ) déjà défini dans main.obj ; seconde définition ignorée
     1>MSVCRT.lib(MSVCR100.dll) : warning LNK4006: _sprintf déjà défini dans LIBCMT.lib(sprintf.obj) ; seconde définition ignorée
     1>MSVCRT.lib(MSVCR100.dll) : warning LNK4006: _free déjà défini dans LIBCMT.lib(free.obj) ; seconde définition ignorée
     1>MSVCRT.lib(MSVCR100.dll) : warning LNK4006: _malloc déjà défini dans LIBCMT.lib(malloc.obj) ; seconde définition ignorée
     1>MSVCRT.lib(MSVCR100.dll) : warning LNK4006: _realloc déjà défini dans LIBCMT.lib(realloc.obj) ; seconde définition ignorée
     1>MSVCRT.lib(MSVCR100.dll) : warning LNK4006: _strcpy_s déjà défini dans LIBCMT.lib(strcpy_s.obj) ; seconde définition ignorée
     1>MSVCRT.lib(MSVCR100.dll) : warning LNK4006: _strcat_s déjà défini dans LIBCMT.lib(strcat_s.obj) ; seconde définition ignorée
     1>MSVCRT.lib(MSVCR100.dll) : warning LNK4006: _vsprintf_s déjà défini dans LIBCMT.lib(vsnprnc.obj) ; seconde définition ignorée
     1>MSVCRT.lib(MSVCR100.dll) : warning LNK4006: _isdigit déjà défini dans LIBCMT.lib(_ctype.obj) ; seconde définition ignorée
     1>MSVCRT.lib(MSVCR100.dll) : warning LNK4006: "public: virtual __thiscall std::exception::~exception(void)" (??1exception@std@@UAE@XZ) déjà défini dans LIBCMT.lib(stdexcpt.obj) ; seconde définition ignorée
     1>MSVCRT.lib(MSVCR100.dll) : warning LNK4006: "public: __thiscall std::exception::exception(char const * const &)" (??0exception@std@@QAE@ABQBD@Z) déjà défini dans LIBCMT.lib(stdexcpt.obj) ; seconde définition ignorée
     1>MSVCRT.lib(MSVCR100.dll) : warning LNK4006: _memmove déjà défini dans LIBCMT.lib(memmove.obj) ; seconde définition ignorée
     1>MSVCRT.lib(MSVCR100.dll) : warning LNK4006: _strncpy_s déjà défini dans LIBCMT.lib(strncpy_s.obj) ; seconde définition ignorée
     1>MSVCRT.lib(MSVCR100.dll) : warning LNK4006: _setlocale déjà défini dans LIBCMT.lib(setlocal.obj) ; seconde définition ignorée
     1>MSVCRT.lib(MSVCR100.dll) : warning LNK4006: _clock déjà défini dans LIBCMT.lib(clock.obj) ; seconde définition ignorée
     1>MSVCRT.lib(MSVCR100.dll) : warning LNK4006: _strtol déjà défini dans LIBCMT.lib(strtol.obj) ; seconde définition ignorée
     1>MSVCRT.lib(MSVCR100.dll) : warning LNK4006: __errno déjà défini dans LIBCMT.lib(dosmap.obj) ; seconde définition ignorée
     1>MSVCRT.lib(MSVCR100.dll) : warning LNK4006: _strncmp déjà défini dans LIBCMT.lib(strncmp.obj) ; seconde définition ignorée
     1>MSVCRT.lib(MSVCR100.dll) : warning LNK4006: "public: __thiscall std::exception::exception(class std::exception const &)" (??0exception@std@@QAE@ABV01@@Z) déjà défini dans LIBCMT.lib(stdexcpt.obj) ; seconde définition ignorée
     1>MSVCRT.lib(MSVCR100.dll) : warning LNK4006: __controlfp déjà défini dans LIBCMT.lib(_ieee87_.obj) ; seconde définition ignorée
     1>MSVCRT.lib(MSVCR100.dll) : warning LNK4006: __isnan déjà défini dans LIBCMT.lib(_ieeemisc_.obj) ; seconde définition ignorée
     1>MSVCRT.lib(MSVCR100.dll) : warning LNK4006: _atoi déjà défini dans LIBCMT.lib(atox.obj) ; seconde définition ignorée
     1>MSVCRT.lib(MSVCR100.dll) : warning LNK4006: _isspace déjà défini dans LIBCMT.lib(_ctype.obj) ; seconde définition ignorée
     1>MSVCRT.lib(ti_inst.obj) : warning LNK4006: "private: __thiscall type_info::type_info(class type_info const &)" (??0type_info@@AAE@ABV0@@Z) déjà défini dans LIBCMT.lib(typinfo.obj) ; seconde définition ignorée
     1>MSVCRT.lib(ti_inst.obj) : warning LNK4006: "private: class type_info & __thiscall type_info::operator=(class type_info const &)" (??4type_info@@AAEAAV0@ABV0@@Z) déjà défini dans LIBCMT.lib(typinfo.obj) ; seconde définition ignorée
     1>LINK : warning LNK4098: conflit entre la bibliothèque par défaut 'MSVCRT' et les autres bibliothèques ; utilisez /NODEFAULTLIB:library
     1>C:\Users\J.pages\Documents\ProjetECMA\src\Debug\ecma.exe : warning LNK4088: image en cours de génération à cause de l'option /FORCE ; l'image risque de ne pas s'exécuter
     1>concert.lib(ilosstructi.obj) : warning LNK4099: PDB 'concert.pdb' n'a pu être trouvé avec 'concert.lib(ilosstructi.obj)' ou sur 'C:\Users\J.pages\Documents\ProjetECMA\src\Debug\concert.pdb' ; l'objet sera lié sans informations de débogage
     1>concert.lib(ilohash.obj) : warning LNK4099: PDB 'concert.pdb' n'a pu être trouvé avec 'concert.lib(ilohash.obj)' ou sur 'C:\Users\J.pages\Documents\ProjetECMA\src\Debug\concert.pdb' ; l'objet sera lié sans informations de débogage
     1>concert.lib(iloalg.obj) : warning LNK4099: PDB 'concert.pdb' n'a pu être trouvé avec 'concert.lib(iloalg.obj)' ou sur 'C:\Users\J.pages\Documents\ProjetECMA\src\Debug\concert.pdb' ; l'objet sera lié sans informations de débogage
     1>concert.lib(iloenv.obj) : warning LNK4099: PDB 'concert.pdb' n'a pu être trouvé avec 'concert.lib(iloenv.obj)' ou sur 'C:\Users\J.pages\Documents\ProjetECMA\src\Debug\concert.pdb' ; l'objet sera lié sans informations de débogage
     1>concert.lib(ilostimei.obj) : warning LNK4099: PDB 'concert.pdb' n'a pu être trouvé avec 'concert.lib(ilostimei.obj)' ou sur 'C:\Users\J.pages\Documents\ProjetECMA\src\Debug\concert.pdb' ; l'objet sera lié sans informations de débogage
     1>concert.lib(iloallocator.obj) : warning LNK4099: PDB 'concert.pdb' n'a pu être trouvé avec 'concert.lib(iloallocator.obj)' ou sur 'C:\Users\J.pages\Documents\ProjetECMA\src\Debug\concert.pdb' ; l'objet sera lié sans informations de débogage
     1>concert.lib(ilosatomi.obj) : warning LNK4099: PDB 'concert.pdb' n'a pu être trouvé avec 'concert.lib(ilosatomi.obj)' ou sur 'C:\Users\J.pages\Documents\ProjetECMA\src\Debug\concert.pdb' ; l'objet sera lié sans informations de débogage
     1>concert.lib(iloserror.obj) : warning LNK4099: PDB 'concert.pdb' n'a pu être trouvé avec 'concert.lib(iloserror.obj)' ou sur 'C:\Users\J.pages\Documents\ProjetECMA\src\Debug\concert.pdb' ; l'objet sera lié sans informations de débogage
     1>concert.lib(ilosdisplayi.obj) : warning LNK4099: PDB 'concert.pdb' n'a pu être trouvé avec 'concert.lib(ilosdisplayi.obj)' ou sur 'C:\Users\J.pages\Documents\ProjetECMA\src\Debug\concert.pdb' ; l'objet sera lié sans informations de débogage
     1>concert.lib(ilorandom.obj) : warning LNK4099: PDB 'concert.pdb' n'a pu être trouvé avec 'concert.lib(ilorandom.obj)' ou sur 'C:\Users\J.pages\Documents\ProjetECMA\src\Debug\concert.pdb' ; l'objet sera lié sans informations de débogage
     1>concert.lib(ilothread.obj) : warning LNK4099: PDB 'concert.pdb' n'a pu être trouvé avec 'concert.lib(ilothread.obj)' ou sur 'C:\Users\J.pages\Documents\ProjetECMA\src\Debug\concert.pdb' ; l'objet sera lié sans informations de débogage
     1>concert.lib(ilossol.obj) : warning LNK4099: PDB 'concert.pdb' n'a pu être trouvé avec 'concert.lib(ilossol.obj)' ou sur 'C:\Users\J.pages\Documents\ProjetECMA\src\Debug\concert.pdb' ; l'objet sera lié sans informations de débogage
     1>concert.lib(ilotypes.obj) : warning LNK4099: PDB 'concert.pdb' n'a pu être trouvé avec 'concert.lib(ilotypes.obj)' ou sur 'C:\Users\J.pages\Documents\ProjetECMA\src\Debug\concert.pdb' ; l'objet sera lié sans informations de débogage
     1>concert.lib(iloexpression.obj) : warning LNK4099: PDB 'concert.pdb' n'a pu être trouvé avec 'concert.lib(iloexpression.obj)' ou sur 'C:\Users\J.pages\Documents\ProjetECMA\src\Debug\concert.pdb' ; l'objet sera lié sans informations de débogage
     1>concert.lib(ilosbasic.obj) : warning LNK4099: PDB 'concert.pdb' n'a pu être trouvé avec 'concert.lib(ilosbasic.obj)' ou sur 'C:\Users\J.pages\Documents\ProjetECMA\src\Debug\concert.pdb' ; l'objet sera lié sans informations de débogage
     1>concert.lib(iloset.obj) : warning LNK4099: PDB 'concert.pdb' n'a pu être trouvé avec 'concert.lib(iloset.obj)' ou sur 'C:\Users\J.pages\Documents\ProjetECMA\src\Debug\concert.pdb' ; l'objet sera lié sans informations de débogage
     1>concert.lib(iloconstraint.obj) : warning LNK4099: PDB 'concert.pdb' n'a pu être trouvé avec 'concert.lib(iloconstraint.obj)' ou sur 'C:\Users\J.pages\Documents\ProjetECMA\src\Debug\concert.pdb' ; l'objet sera lié sans informations de débogage
     1>concert.lib(iloanyexpr.obj) : warning LNK4099: PDB 'concert.pdb' n'a pu être trouvé avec 'concert.lib(iloanyexpr.obj)' ou sur 'C:\Users\J.pages\Documents\ProjetECMA\src\Debug\concert.pdb' ; l'objet sera lié sans informations de débogage
     1>concert.lib(iloextractable.obj) : warning LNK4099: PDB 'concert.pdb' n'a pu être trouvé avec 'concert.lib(iloextractable.obj)' ou sur 'C:\Users\J.pages\Documents\ProjetECMA\src\Debug\concert.pdb' ; l'objet sera lié sans informations de débogage
     1>concert.lib(ilomap.obj) : warning LNK4099: PDB 'concert.pdb' n'a pu être trouvé avec 'concert.lib(ilomap.obj)' ou sur 'C:\Users\J.pages\Documents\ProjetECMA\src\Debug\concert.pdb' ; l'objet sera lié sans informations de débogage
     1>concert.lib(ilosmodel.obj) : warning LNK4099: PDB 'concert.pdb' n'a pu être trouvé avec 'concert.lib(ilosmodel.obj)' ou sur 'C:\Users\J.pages\Documents\ProjetECMA\src\Debug\concert.pdb' ; l'objet sera lié sans informations de débogage
     1>concert.lib(ilosolution.obj) : warning LNK4099: PDB 'concert.pdb' n'a pu être trouvé avec 'concert.lib(ilosolution.obj)' ou sur 'C:\Users\J.pages\Documents\ProjetECMA\src\Debug\concert.pdb' ; l'objet sera lié sans informations de débogage
     1>concert.lib(iloiterator.obj) : warning LNK4099: PDB 'concert.pdb' n'a pu être trouvé avec 'concert.lib(iloiterator.obj)' ou sur 'C:\Users\J.pages\Documents\ProjetECMA\src\Debug\concert.pdb' ; l'objet sera lié sans informations de débogage
     1>concert.lib(ilossequencei.obj) : warning LNK4099: PDB 'concert.pdb' n'a pu être trouvé avec 'concert.lib(ilossequencei.obj)' ou sur 'C:\Users\J.pages\Documents\ProjetECMA\src\Debug\concert.pdb' ; l'objet sera lié sans informations de débogage
     1>concert.lib(ilocollection.obj) : warning LNK4099: PDB 'concert.pdb' n'a pu être trouvé avec 'concert.lib(ilocollection.obj)' ou sur 'C:\Users\J.pages\Documents\ProjetECMA\src\Debug\concert.pdb' ; l'objet sera lié sans informations de débogage
     1>concert.lib(ilocollectionstruct.obj) : warning LNK4099: PDB 'concert.pdb' n'a pu être trouvé avec 'concert.lib(ilocollectionstruct.obj)' ou sur 'C:\Users\J.pages\Documents\ProjetECMA\src\Debug\concert.pdb' ; l'objet sera lié sans informations de débogage
     1>concert.lib(ilosimplecollection.obj) : warning LNK4099: PDB 'concert.pdb' n'a pu être trouvé avec 'concert.lib(ilosimplecollection.obj)' ou sur 'C:\Users\J.pages\Documents\ProjetECMA\src\Debug\concert.pdb' ; l'objet sera lié sans informations de débogage
     1>concert.lib(ilocollectionoperator.obj) : warning LNK4099: PDB 'concert.pdb' n'a pu être trouvé avec 'concert.lib(ilocollectionoperator.obj)' ou sur 'C:\Users\J.pages\Documents\ProjetECMA\src\Debug\concert.pdb' ; l'objet sera lié sans informations de débogage
     1>concert.lib(ilocollectioniterator.obj) : warning LNK4099: PDB 'concert.pdb' n'a pu être trouvé avec 'concert.lib(ilocollectioniterator.obj)' ou sur 'C:\Users\J.pages\Documents\ProjetECMA\src\Debug\concert.pdb' ; l'objet sera lié sans informations de débogage
     1>concert.lib(iloskiplist.obj) : warning LNK4099: PDB 'concert.pdb' n'a pu être trouvé avec 'concert.lib(iloskiplist.obj)' ou sur 'C:\Users\J.pages\Documents\ProjetECMA\src\Debug\concert.pdb' ; l'objet sera lié sans informations de débogage
     1>concert.lib(ilonumfunci.obj) : warning LNK4099: PDB 'concert.pdb' n'a pu être trouvé avec 'concert.lib(ilonumfunci.obj)' ou sur 'C:\Users\J.pages\Documents\ProjetECMA\src\Debug\concert.pdb' ; l'objet sera lié sans informations de débogage
     1>concert.lib(iloparami.obj) : warning LNK4099: PDB 'concert.pdb' n'a pu être trouvé avec 'concert.lib(iloparami.obj)' ou sur 'C:\Users\J.pages\Documents\ProjetECMA\src\Debug\concert.pdb' ; l'objet sera lié sans informations de débogage
     1>concert.lib(ilointervalsi.obj) : warning LNK4099: PDB 'concert.pdb' n'a pu être trouvé avec 'concert.lib(ilointervalsi.obj)' ou sur 'C:\Users\J.pages\Documents\ProjetECMA\src\Debug\concert.pdb' ; l'objet sera lié sans informations de débogage
     1>concert.lib(evalkernel.obj) : warning LNK4099: PDB 'concert.pdb' n'a pu être trouvé avec 'concert.lib(evalkernel.obj)' ou sur 'C:\Users\J.pages\Documents\ProjetECMA\src\Debug\concert.pdb' ; l'objet sera lié sans informations de débogage
     1>concert.lib(evaluator.obj) : warning LNK4099: PDB 'concert.pdb' n'a pu être trouvé avec 'concert.lib(evaluator.obj)' ou sur 'C:\Users\J.pages\Documents\ProjetECMA\src\Debug\concert.pdb' ; l'objet sera lié sans informations de débogage
     1>concert.lib(evalexpand.obj) : warning LNK4099: PDB 'concert.pdb' n'a pu être trouvé avec 'concert.lib(evalexpand.obj)' ou sur 'C:\Users\J.pages\Documents\ProjetECMA\src\Debug\concert.pdb' ; l'objet sera lié sans informations de débogage
     1>concert.lib(strtod.obj) : warning LNK4099: PDB 'concert.pdb' n'a pu être trouvé avec 'concert.lib(strtod.obj)' ou sur 'C:\Users\J.pages\Documents\ProjetECMA\src\Debug\concert.pdb' ; l'objet sera lié sans informations de débogage
         ecma.vcxproj -> C:\Users\J.pages\Documents\ProjetECMA\src\Debug\ecma.exe
       FinalizeBuildStatus:
         Suppression du fichier "Debug\ecma.unsuccessfulbuild".
         Mise à jour de l'horodatage "Debug\ecma.lastbuildstate".
     1>Génération du projet "C:\Users\J.pages\Documents\ProjetECMA\src\ecma.vcxproj" terminée (build cible(s)).

La génération a réussi.

Temps écoulé 00:00:02.69
